<?xml version="1.0" encoding="UTF-8"?>
<!-- Generated by org.testng.reporters.JUnitReportReporter -->
<testsuite hostname="r2dak" failures="0" tests="1" name="DemoToDekho.DemoExample" time="21.184" errors="0" timestamp="2022-05-12T17:52:09 NPT" skipped="0">
  <testcase classname="DemoToDekho.DemoExample" name="initialize" time="21.184"/>
  <system-out/>
</testsuite> <!-- DemoToDekho.DemoExample -->
