<?xml version="1.0" encoding="UTF-8"?>
<!-- Generated by org.testng.reporters.JUnitReportReporter -->
<testsuite hostname="r2dak" failures="0" tests="1" name="UserLogin.login" time="28.511" errors="0" timestamp="2022-05-11T15:31:22 NPT" skipped="0">
  <testcase classname="UserLogin.login" name="initialize" time="28.511"/>
  <system-out/>
</testsuite> <!-- UserLogin.login -->
