<?xml version="1.0" encoding="UTF-8"?>
<!-- Generated by org.testng.reporters.JUnitReportReporter -->
<testsuite hostname="DESKTOP-88FBP9B" failures="0" tests="1" name="DemoToDekho.DemoExample" time="36.273" errors="0" timestamp="2022-05-12T17:05:12 NPT" skipped="0">
  <testcase classname="DemoToDekho.DemoExample" name="initialize" time="36.273"/>
  <system-out/>
</testsuite> <!-- DemoToDekho.DemoExample -->
